  [1m[36m (7.7ms)[0m  [1mCREATE TABLE "schema_migrations" ("version" character varying(255) NOT NULL) [0m
  [1m[35m (6.2ms)[0m  CREATE UNIQUE INDEX  "unique_schema_migrations" ON "schema_migrations"  ("version")
  [1m[36mActiveRecord::SchemaMigration Load (0.3ms)[0m  [1mSELECT "schema_migrations".* FROM "schema_migrations"[0m
Migrating to CreateRecipes (20141105005226)
  [1m[35m (0.1ms)[0m  BEGIN
  [1m[36m (3.4ms)[0m  [1mCREATE TABLE "recipes" ("id" serial primary key, "title" character varying(255), "description" text, "yield" character varying(255), "time" character varying(255), "directions" text, "created_at" timestamp, "updated_at" timestamp) [0m
  [1m[35mSQL (6.2ms)[0m  INSERT INTO "schema_migrations" ("version") VALUES ($1)  [["version", "20141105005226"]]
  [1m[36m (6.4ms)[0m  [1mCOMMIT[0m
  [1m[35mActiveRecord::SchemaMigration Load (0.3ms)[0m  SELECT "schema_migrations".* FROM "schema_migrations"


Started GET "/" for 127.0.0.1 at 2014-11-04 16:58:57 -0800
  [1m[36mActiveRecord::SchemaMigration Load (0.6ms)[0m  [1mSELECT "schema_migrations".* FROM "schema_migrations"[0m
Processing by Rails::WelcomeController#index as HTML
  Rendered /Users/stephaniekwak/.rvm/gems/ruby-2.1.2/gems/railties-4.1.5/lib/rails/templates/rails/welcome/index.html.erb (1.6ms)
Completed 200 OK in 8ms (Views: 7.3ms | ActiveRecord: 0.0ms)
  [1m[36mActiveRecord::SchemaMigration Load (0.3ms)[0m  [1mSELECT "schema_migrations".* FROM "schema_migrations"[0m
Migrating to CreateMeasurements (20141105015113)
  [1m[35m (0.1ms)[0m  BEGIN
  [1m[36m (12.0ms)[0m  [1mCREATE TABLE "measurements" ("id" serial primary key, "name" character varying(255), "measurement" character varying(255), "created_at" timestamp, "updated_at" timestamp) [0m
  [1m[35mSQL (0.2ms)[0m  INSERT INTO "schema_migrations" ("version") VALUES ($1)  [["version", "20141105015113"]]
  [1m[36m (0.8ms)[0m  [1mCOMMIT[0m
Migrating to RemoveMeasurementModel (20141105015144)
  [1m[35m (0.2ms)[0m  BEGIN
  [1m[36m (4.9ms)[0m  [1mDROP TABLE "measurement"[0m
PG::UndefinedTable: ERROR:  table "measurement" does not exist
: DROP TABLE "measurement"
  [1m[35m (0.2ms)[0m  ROLLBACK
  [1m[36mActiveRecord::SchemaMigration Load (0.3ms)[0m  [1mSELECT "schema_migrations".* FROM "schema_migrations"[0m
Migrating to RemoveMeasurementModel (20141105015144)
  [1m[35m (0.1ms)[0m  BEGIN
  [1m[36m (0.3ms)[0m  [1mDROP TABLE "measurement"[0m
PG::UndefinedTable: ERROR:  table "measurement" does not exist
: DROP TABLE "measurement"
  [1m[35m (0.1ms)[0m  ROLLBACK
  [1m[36mActiveRecord::SchemaMigration Load (0.3ms)[0m  [1mSELECT "schema_migrations".* FROM "schema_migrations"[0m
Migrating to RemoveMeasurementModel (20141105015144)
  [1m[35m (0.1ms)[0m  BEGIN
  [1m[36m (10.6ms)[0m  [1mDROP TABLE "measurements"[0m
  [1m[35mSQL (0.2ms)[0m  INSERT INTO "schema_migrations" ("version") VALUES ($1)  [["version", "20141105015144"]]
  [1m[36m (1.1ms)[0m  [1mCOMMIT[0m
  [1m[35mActiveRecord::SchemaMigration Load (0.3ms)[0m  SELECT "schema_migrations".* FROM "schema_migrations"
  [1m[36mActiveRecord::SchemaMigration Load (0.3ms)[0m  [1mSELECT "schema_migrations".* FROM "schema_migrations"[0m
Migrating to CreateIngredients (20141105015329)
  [1m[35m (0.1ms)[0m  BEGIN
  [1m[36m (11.5ms)[0m  [1mCREATE TABLE "ingredients" ("id" serial primary key, "name" character varying(255), "measurement" character varying(255), "created_at" timestamp, "updated_at" timestamp) [0m
  [1m[35mSQL (0.2ms)[0m  INSERT INTO "schema_migrations" ("version") VALUES ($1)  [["version", "20141105015329"]]
  [1m[36m (0.7ms)[0m  [1mCOMMIT[0m
  [1m[35mActiveRecord::SchemaMigration Load (0.2ms)[0m  SELECT "schema_migrations".* FROM "schema_migrations"


Started GET "/" for 127.0.0.1 at 2014-11-05 09:59:34 -0800
  [1m[36mActiveRecord::SchemaMigration Load (0.8ms)[0m  [1mSELECT "schema_migrations".* FROM "schema_migrations"[0m
Processing by Rails::WelcomeController#index as HTML
  Rendered /Users/stephaniekwak/.rvm/gems/ruby-2.1.2/gems/railties-4.1.5/lib/rails/templates/rails/welcome/index.html.erb (4.6ms)
Completed 200 OK in 15ms (Views: 14.2ms | ActiveRecord: 0.0ms)


Started GET "/" for 127.0.0.1 at 2014-11-05 09:59:34 -0800
Processing by Rails::WelcomeController#index as HTML
  Rendered /Users/stephaniekwak/.rvm/gems/ruby-2.1.2/gems/railties-4.1.5/lib/rails/templates/rails/welcome/index.html.erb (0.0ms)
Completed 200 OK in 1ms (Views: 0.7ms | ActiveRecord: 0.0ms)
  [1m[36mRecipe Load (8.0ms)[0m  [1mSELECT "recipes".* FROM "recipes"[0m
  [1m[36mActiveRecord::SchemaMigration Load (0.4ms)[0m  [1mSELECT "schema_migrations".* FROM "schema_migrations"[0m
Migrating to CreateRecipeIngredients (20141105185347)
  [1m[35m (0.1ms)[0m  BEGIN
  [1m[36m (5.6ms)[0m  [1mCREATE TABLE "recipe_ingredients" ("id" serial primary key, "recipe_id" integer, "ingredient_id" integer, "created_at" timestamp, "updated_at" timestamp) [0m
  [1m[35mSQL (0.2ms)[0m  INSERT INTO "schema_migrations" ("version") VALUES ($1)  [["version", "20141105185347"]]
  [1m[36m (13.5ms)[0m  [1mCOMMIT[0m
  [1m[35mActiveRecord::SchemaMigration Load (0.4ms)[0m  SELECT "schema_migrations".* FROM "schema_migrations"
  [1m[36mActiveRecord::SchemaMigration Load (0.4ms)[0m  [1mSELECT "schema_migrations".* FROM "schema_migrations"[0m
  [1m[35mActiveRecord::SchemaMigration Load (0.1ms)[0m  SELECT "schema_migrations".* FROM "schema_migrations"
  [1m[36mRecipeIngredient Load (0.5ms)[0m  [1mSELECT "recipe_ingredients".* FROM "recipe_ingredients"[0m
  [1m[36mActiveRecord::SchemaMigration Load (0.3ms)[0m  [1mSELECT "schema_migrations".* FROM "schema_migrations"[0m
Migrating to AddUnitToIngredient (20141105200318)
  [1m[35m (0.1ms)[0m  BEGIN
  [1m[36m (9.4ms)[0m  [1mALTER TABLE "ingredient" ADD COLUMN "unit" character varying(255)[0m
PG::UndefinedTable: ERROR:  relation "ingredient" does not exist
: ALTER TABLE "ingredient" ADD COLUMN "unit" character varying(255)
  [1m[35m (0.1ms)[0m  ROLLBACK
  [1m[36mActiveRecord::SchemaMigration Load (0.4ms)[0m  [1mSELECT "schema_migrations".* FROM "schema_migrations"[0m
Migrating to AddUnitToIngredient (20141105200318)
  [1m[35m (0.1ms)[0m  BEGIN
  [1m[36m (0.3ms)[0m  [1mALTER TABLE "ingredient" ADD COLUMN "unit" character varying(255)[0m
PG::UndefinedTable: ERROR:  relation "ingredient" does not exist
: ALTER TABLE "ingredient" ADD COLUMN "unit" character varying(255)
  [1m[35m (0.1ms)[0m  ROLLBACK
  [1m[36mActiveRecord::SchemaMigration Load (0.6ms)[0m  [1mSELECT "schema_migrations".* FROM "schema_migrations"[0m
Migrating to AddUnitToIngredient (20141105200318)
  [1m[35m (0.1ms)[0m  BEGIN
  [1m[36m (8.7ms)[0m  [1mALTER TABLE "ingredients" ADD COLUMN "unit" character varying(255)[0m
  [1m[35mSQL (0.2ms)[0m  INSERT INTO "schema_migrations" ("version") VALUES ($1)  [["version", "20141105200318"]]
  [1m[36m (0.4ms)[0m  [1mCOMMIT[0m
  [1m[35mActiveRecord::SchemaMigration Load (0.1ms)[0m  SELECT "schema_migrations".* FROM "schema_migrations"
  [1m[36mActiveRecord::SchemaMigration Load (0.7ms)[0m  [1mSELECT "schema_migrations".* FROM "schema_migrations"[0m
Migrating to RemoveUnitColumnfromIngredients (20141105201254)
  [1m[35m (0.2ms)[0m  BEGIN
  [1m[36m (1.6ms)[0m  [1mALTER TABLE "ingredients" DROP "unit"[0m
  [1m[35mSQL (0.5ms)[0m  INSERT INTO "schema_migrations" ("version") VALUES ($1)  [["version", "20141105201254"]]
  [1m[36m (8.3ms)[0m  [1mCOMMIT[0m
  [1m[35mActiveRecord::SchemaMigration Load (5.2ms)[0m  SELECT "schema_migrations".* FROM "schema_migrations"
